[28-Oct-2025 12:33:23 UTC] ✅ Logged: Dashboard stats fetched successfully. /backend/public/api/business/stats
[28-Oct-2025 12:33:34 UTC] ✅ Logged: Dashboard stats fetched successfully. /backend/public/api/business/stats
[28-Oct-2025 12:33:41 UTC] ✅ Logged: Dashboard stats fetched successfully. /backend/public/api/business/stats
[28-Oct-2025 12:33:57 UTC] ✅ Logged: Dashboard stats fetched successfully. /backend/public/api/business/stats
[28-Oct-2025 12:37:08 UTC] ✅ Logged: Dashboard stats fetched successfully. /backend/public/api/business/stats
[28-Oct-2025 12:39:36 UTC] ✅ Logged: Dashboard stats fetched successfully. /backend/public/api/business/stats
[28-Oct-2025 12:40:16 UTC] ✅ Logged: Dashboard stats fetched successfully. /backend/public/api/business/stats
[28-Oct-2025 12:47:36 UTC] ✅ Logged: Activity logs fetched successfully. /backend/public/api/business/activity/logs
[28-Oct-2025 12:58:33 UTC] ✅ Logged: Login successful /backend/public/api/auth/users/login
[28-Oct-2025 12:58:33 UTC] ✅ Logged: Business data fetched successfully. /backend/public/api/business
[28-Oct-2025 13:02:02 UTC] ✅ Logged: Login successful /backend/public/api/auth/users/login
[28-Oct-2025 13:02:02 UTC] ✅ Logged: Business data fetched successfully. /backend/public/api/business
[28-Oct-2025 13:02:04 UTC] ✅ Logged: Dashboard stats fetched successfully. /backend/public/api/business/stats
[28-Oct-2025 13:02:35 UTC] ✅ Logged: Activity logs fetched successfully. /backend/public/api/business/activity/logs
[28-Oct-2025 13:02:40 UTC] ✅ Logged: Activity logs fetched successfully. /backend/public/api/business/activity/logs
[28-Oct-2025 13:02:45 UTC] ✅ Logged: Activity logs fetched successfully. /backend/public/api/business/activity/logs
[28-Oct-2025 13:02:49 UTC] ✅ Logged: Activity logs fetched successfully. /backend/public/api/business/activity/logs
[28-Oct-2025 13:02:52 UTC] ✅ Logged: Activity logs fetched successfully. /backend/public/api/business/activity/logs
[28-Oct-2025 13:03:21 UTC] ✅ Logged: Error: SQLSTATE[HY093]: Invalid parameter number /backend/public/api/business/activity/logs
[28-Oct-2025 13:03:24 UTC] ✅ Logged: Activity logs fetched successfully. /backend/public/api/business/activity/logs
[28-Oct-2025 13:03:35 UTC] ✅ Logged: Activity logs fetched successfully. /backend/public/api/business/activity/logs
[28-Oct-2025 13:03:41 UTC] ✅ Logged: Activity logs fetched successfully. /backend/public/api/business/activity/logs
[28-Oct-2025 13:03:48 UTC] ✅ Logged: Activity logs fetched successfully. /backend/public/api/business/activity/logs
[28-Oct-2025 13:03:52 UTC] ✅ Logged: Activity logs fetched successfully. /backend/public/api/business/activity/logs
[28-Oct-2025 13:03:55 UTC] ✅ Logged: Activity logs fetched successfully. /backend/public/api/business/activity/logs
[28-Oct-2025 13:03:57 UTC] ✅ Logged: Activity logs fetched successfully. /backend/public/api/business/activity/logs
[28-Oct-2025 13:04:04 UTC] ✅ Logged: Activity logs fetched successfully. /backend/public/api/business/activity/logs
[28-Oct-2025 13:04:09 UTC] ✅ Logged: Dashboard stats fetched successfully. /backend/public/api/business/stats
[28-Oct-2025 13:04:11 UTC] ✅ Logged: Activity logs fetched successfully. /backend/public/api/business/activity/logs
[28-Oct-2025 13:04:21 UTC] ✅ Logged: Invoices fetched successfully /backend/public/api/invoices
[28-Oct-2025 13:29:29 UTC] ✅ Logged: Activity logs fetched successfully. /backend/public/api/business/activity/logs
[28-Oct-2025 13:29:31 UTC] ✅ Logged: Activity logs fetched successfully. /backend/public/api/business/activity/logs
[28-Oct-2025 13:30:06 UTC] ✅ Logged: Invoices fetched successfully /backend/public/api/invoices
[28-Oct-2025 13:30:57 UTC] ✅ Logged: Login successful /backend/public/api/auth/users/login
[28-Oct-2025 13:30:57 UTC] ✅ Logged: Business data fetched successfully. /backend/public/api/business
[28-Oct-2025 13:30:59 UTC] ✅ Logged: Dashboard stats fetched successfully. /backend/public/api/business/stats
[28-Oct-2025 13:31:00 UTC] ✅ Logged: Activity logs fetched successfully. /backend/public/api/business/activity/logs
[28-Oct-2025 13:31:04 UTC] ✅ Logged: Activity logs fetched successfully. /backend/public/api/business/activity/logs
[28-Oct-2025 13:31:10 UTC] ✅ Logged: Activity logs fetched successfully. /backend/public/api/business/activity/logs
[28-Oct-2025 13:31:11 UTC] ✅ Logged: Activity logs fetched successfully. /backend/public/api/business/activity/logs
[28-Oct-2025 13:31:13 UTC] ✅ Logged: Activity logs fetched successfully. /backend/public/api/business/activity/logs
[28-Oct-2025 13:40:16 UTC] ✅ Logged: Login successful /backend/public/api/auth/users/login
[28-Oct-2025 13:40:16 UTC] ✅ Logged: Business data fetched successfully. /backend/public/api/business
[28-Oct-2025 13:40:18 UTC] ✅ Logged: Dashboard stats fetched successfully. /backend/public/api/business/stats
[28-Oct-2025 13:43:11 UTC] ✅ Logged: Dashboard stats fetched successfully. /backend/public/api/business/stats
[28-Oct-2025 13:43:57 UTC] ✅ Logged: Dashboard stats fetched successfully. /backend/public/api/business/stats
[28-Oct-2025 13:44:02 UTC] ✅ Logged: Activity logs fetched successfully. /backend/public/api/business/activity/logs
[28-Oct-2025 13:44:05 UTC] ✅ Logged: Invoices fetched successfully /backend/public/api/invoices
[28-Oct-2025 13:45:12 UTC] ✅ Logged: User records fetched successfully. /backend/public/api/users
[28-Oct-2025 14:06:32 UTC] ✅ Logged: Login successful /backend/public/api/auth/users/login
[28-Oct-2025 14:06:32 UTC] ✅ Logged: Business data fetched successfully. /backend/public/api/business
[28-Oct-2025 14:06:34 UTC] ✅ Logged: Dashboard stats fetched successfully. /backend/public/api/business/stats
[28-Oct-2025 14:06:47 UTC] ✅ Logged: Login successful /backend/public/api/auth/users/login
[28-Oct-2025 14:06:47 UTC] ✅ Logged: Business data fetched successfully. /backend/public/api/business
[28-Oct-2025 14:06:49 UTC] ✅ Logged: Dashboard stats fetched successfully. /backend/public/api/business/stats
[28-Oct-2025 14:06:57 UTC] ✅ Logged: Login successful /backend/public/api/auth/users/login
[28-Oct-2025 14:06:57 UTC] ✅ Logged: Business data fetched successfully. /backend/public/api/business
[28-Oct-2025 14:06:58 UTC] ✅ Logged: Dashboard stats fetched successfully. /backend/public/api/business/stats
